<?xml version="1.0" encoding="UTF-8"?>
<!-- Generated by org.testng.reporters.JUnitReportReporter -->
<testsuite hostname="MKD-CORP-BCP086" failures="0" tests="1" name="com.cyient.royaltest.CruisesTest" time="31.574" errors="0" timestamp="2021-06-09T01:53:44 IST" skipped="0">
  <testcase classname="com.cyient.royaltest.CruisesTest" name="invalidtest" time="31.574"/>
  <system-out/>
</testsuite> <!-- com.cyient.royaltest.CruisesTest -->
