<?xml version="1.0" encoding="UTF-8"?>
<!-- Generated by org.testng.reporters.JUnitReportReporter -->
<testsuite hostname="MKD-CORP-BCP086" failures="0" tests="1" name="com.cyient.royaltest.SignupTest" time="23.908" errors="0" timestamp="2021-06-09T01:14:49 IST" skipped="0">
  <testcase classname="com.cyient.royaltest.SignupTest" name="test" time="23.908"/>
  <system-out/>
</testsuite> <!-- com.cyient.royaltest.SignupTest -->
